Performing C SOURCE FILE Test C_SUPPORTS_WERROR_UNGUARDED_AVAILABILITY_NEW failed with the following output:
Change Dir: /home/code/mlir-tutorial/mlir-vtc/build/CMakeFiles/CMakeTmp

Run Build Command(s):/usr/bin/ninja cmTC_d5db3 && [1/2] Building C object CMakeFiles/cmTC_d5db3.dir/src.c.o
FAILED: CMakeFiles/cmTC_d5db3.dir/src.c.o 
/usr/bin/cc -DC_SUPPORTS_WERROR_UNGUARDED_AVAILABILITY_NEW  -fPIC -Werror=date-time    -Werror -Werror=unguarded-availability-new -o CMakeFiles/cmTC_d5db3.dir/src.c.o -c /home/code/mlir-tutorial/mlir-vtc/build/CMakeFiles/CMakeTmp/src.c
cc1: error: '-Werror=unguarded-availability-new': no option '-Wunguarded-availability-new'
ninja: build stopped: subcommand failed.


Source file was:
int main(void) { return 0; }
Performing C++ SOURCE FILE Test CXX_SUPPORTS_WERROR_UNGUARDED_AVAILABILITY_NEW failed with the following output:
Change Dir: /home/code/mlir-tutorial/mlir-vtc/build/CMakeFiles/CMakeTmp

Run Build Command(s):/usr/bin/ninja cmTC_10dec && [1/2] Building CXX object CMakeFiles/cmTC_10dec.dir/src.cxx.o
FAILED: CMakeFiles/cmTC_10dec.dir/src.cxx.o 
/usr/bin/c++ -DCXX_SUPPORTS_WERROR_UNGUARDED_AVAILABILITY_NEW  -fPIC -fvisibility-inlines-hidden -Werror=date-time    -Werror -Werror=unguarded-availability-new -o CMakeFiles/cmTC_10dec.dir/src.cxx.o -c /home/code/mlir-tutorial/mlir-vtc/build/CMakeFiles/CMakeTmp/src.cxx
cc1plus: error: '-Werror=unguarded-availability-new': no option '-Wunguarded-availability-new'
ninja: build stopped: subcommand failed.


Source file was:
int main() { return 0; }
Performing C SOURCE FILE Test C_SUPPORTS_COVERED_SWITCH_DEFAULT_FLAG failed with the following output:
Change Dir: /home/code/mlir-tutorial/mlir-vtc/build/CMakeFiles/CMakeTmp

Run Build Command(s):/usr/bin/ninja cmTC_a10d0 && [1/2] Building C object CMakeFiles/cmTC_a10d0.dir/src.c.o
FAILED: CMakeFiles/cmTC_a10d0.dir/src.c.o 
/usr/bin/cc -DC_SUPPORTS_COVERED_SWITCH_DEFAULT_FLAG  -fPIC -Werror=date-time -Wall -Wextra -Wno-unused-parameter -Wwrite-strings -Wno-missing-field-initializers -Wimplicit-fallthrough    -Werror -Wcovered-switch-default -o CMakeFiles/cmTC_a10d0.dir/src.c.o -c /home/code/mlir-tutorial/mlir-vtc/build/CMakeFiles/CMakeTmp/src.c
cc: error: unrecognized command-line option '-Wcovered-switch-default'; did you mean '-Wno-switch-default'?
ninja: build stopped: subcommand failed.


Source file was:
int main(void) { return 0; }
Performing C++ SOURCE FILE Test CXX_SUPPORTS_COVERED_SWITCH_DEFAULT_FLAG failed with the following output:
Change Dir: /home/code/mlir-tutorial/mlir-vtc/build/CMakeFiles/CMakeTmp

Run Build Command(s):/usr/bin/ninja cmTC_e729b && [1/2] Building CXX object CMakeFiles/cmTC_e729b.dir/src.cxx.o
FAILED: CMakeFiles/cmTC_e729b.dir/src.cxx.o 
/usr/bin/c++ -DCXX_SUPPORTS_COVERED_SWITCH_DEFAULT_FLAG  -fPIC -fvisibility-inlines-hidden -Werror=date-time -Wall -Wextra -Wno-unused-parameter -Wwrite-strings -Wcast-qual -Wno-missing-field-initializers -Wimplicit-fallthrough    -Werror -Wcovered-switch-default -o CMakeFiles/cmTC_e729b.dir/src.cxx.o -c /home/code/mlir-tutorial/mlir-vtc/build/CMakeFiles/CMakeTmp/src.cxx
c++: error: unrecognized command-line option '-Wcovered-switch-default'; did you mean '-Wno-switch-default'?
ninja: build stopped: subcommand failed.


Source file was:
int main() { return 0; }
Performing C SOURCE FILE Test C_SUPPORTS_DELETE_NON_VIRTUAL_DTOR_FLAG failed with the following output:
Change Dir: /home/code/mlir-tutorial/mlir-vtc/build/CMakeFiles/CMakeTmp

Run Build Command(s):/usr/bin/ninja cmTC_4bc4c && [1/2] Building C object CMakeFiles/cmTC_4bc4c.dir/src.c.o
FAILED: CMakeFiles/cmTC_4bc4c.dir/src.c.o 
/usr/bin/cc -DC_SUPPORTS_DELETE_NON_VIRTUAL_DTOR_FLAG  -fPIC -Werror=date-time -Wall -Wextra -Wno-unused-parameter -Wwrite-strings -Wno-missing-field-initializers -Wimplicit-fallthrough    -Werror -Wdelete-non-virtual-dtor -o CMakeFiles/cmTC_4bc4c.dir/src.c.o -c /home/code/mlir-tutorial/mlir-vtc/build/CMakeFiles/CMakeTmp/src.c
cc1: error: command-line option '-Wdelete-non-virtual-dtor' is valid for C++/ObjC++ but not for C [-Werror]
cc1: all warnings being treated as errors
ninja: build stopped: subcommand failed.


Source file was:
int main(void) { return 0; }
Performing C SOURCE FILE Test C_WCOMMENT_ALLOWS_LINE_WRAP failed with the following output:
Change Dir: /home/code/mlir-tutorial/mlir-vtc/build/CMakeFiles/CMakeTmp

Run Build Command(s):/usr/bin/ninja cmTC_933d4 && [1/2] Building C object CMakeFiles/cmTC_933d4.dir/src.c.o
FAILED: CMakeFiles/cmTC_933d4.dir/src.c.o 
/usr/bin/cc -DC_WCOMMENT_ALLOWS_LINE_WRAP  -fPIC -Werror=date-time -Wall -Wextra -Wno-unused-parameter -Wwrite-strings -Wno-missing-field-initializers -Wimplicit-fallthrough  -Werror -Wcomment -o CMakeFiles/cmTC_933d4.dir/src.c.o -c /home/code/mlir-tutorial/mlir-vtc/build/CMakeFiles/CMakeTmp/src.c
/home/code/mlir-tutorial/mlir-vtc/build/CMakeFiles/CMakeTmp/src.c:1:1: error: multi-line comment [-Werror=comment]
    1 | // \
      | ^
cc1: all warnings being treated as errors
ninja: build stopped: subcommand failed.


Source file was:
// \
//
int main() {return 0;}
Performing C SOURCE FILE Test C_SUPPORTS_STRING_CONVERSION_FLAG failed with the following output:
Change Dir: /home/code/mlir-tutorial/mlir-vtc/build/CMakeFiles/CMakeTmp

Run Build Command(s):/usr/bin/ninja cmTC_23ad2 && [1/2] Building C object CMakeFiles/cmTC_23ad2.dir/src.c.o
FAILED: CMakeFiles/cmTC_23ad2.dir/src.c.o 
/usr/bin/cc -DC_SUPPORTS_STRING_CONVERSION_FLAG  -fPIC -Werror=date-time -Wall -Wextra -Wno-unused-parameter -Wwrite-strings -Wno-missing-field-initializers -Wimplicit-fallthrough -Wno-comment    -Werror -Wstring-conversion -o CMakeFiles/cmTC_23ad2.dir/src.c.o -c /home/code/mlir-tutorial/mlir-vtc/build/CMakeFiles/CMakeTmp/src.c
cc: error: unrecognized command-line option '-Wstring-conversion'; did you mean '-Wsign-conversion'?
ninja: build stopped: subcommand failed.


Source file was:
int main(void) { return 0; }
Performing C++ SOURCE FILE Test CXX_SUPPORTS_STRING_CONVERSION_FLAG failed with the following output:
Change Dir: /home/code/mlir-tutorial/mlir-vtc/build/CMakeFiles/CMakeTmp

Run Build Command(s):/usr/bin/ninja cmTC_ceafd && [1/2] Building CXX object CMakeFiles/cmTC_ceafd.dir/src.cxx.o
FAILED: CMakeFiles/cmTC_ceafd.dir/src.cxx.o 
/usr/bin/c++ -DCXX_SUPPORTS_STRING_CONVERSION_FLAG  -fPIC -fvisibility-inlines-hidden -Werror=date-time -Wall -Wextra -Wno-unused-parameter -Wwrite-strings -Wcast-qual -Wno-missing-field-initializers -Wimplicit-fallthrough -Wno-class-memaccess -Wno-redundant-move -Wno-noexcept-type -Wdelete-non-virtual-dtor -Wsuggest-override -Wno-comment    -Werror -Wstring-conversion -o CMakeFiles/cmTC_ceafd.dir/src.cxx.o -c /home/code/mlir-tutorial/mlir-vtc/build/CMakeFiles/CMakeTmp/src.cxx
c++: error: unrecognized command-line option '-Wstring-conversion'; did you mean '-Wsign-conversion'?
ninja: build stopped: subcommand failed.


Source file was:
int main() { return 0; }
Performing C++ SOURCE FILE Test LINKER_SUPPORTS_COLOR_DIAGNOSTICS failed with the following output:
Change Dir: /home/code/mlir-tutorial/mlir-vtc/build/CMakeFiles/CMakeTmp

Run Build Command(s):/usr/bin/ninja cmTC_b2e9f && [1/2] Building CXX object CMakeFiles/cmTC_b2e9f.dir/src.cxx.o
[2/2] Linking CXX executable cmTC_b2e9f
FAILED: cmTC_b2e9f 
: && /usr/bin/c++ -fPIC -fvisibility-inlines-hidden -Werror=date-time -Wall -Wextra -Wno-unused-parameter -Wwrite-strings -Wcast-qual -Wno-missing-field-initializers -Wimplicit-fallthrough -Wno-class-memaccess -Wno-redundant-move -Wno-noexcept-type -Wdelete-non-virtual-dtor -Wsuggest-override -Wno-comment -fdiagnostics-color -Wl,--color-diagnostics CMakeFiles/cmTC_b2e9f.dir/src.cxx.o -o cmTC_b2e9f   && :
/usr/bin/ld: unrecognized option '--color-diagnostics'
/usr/bin/ld: use the --help option for usage information
collect2: error: ld returned 1 exit status
ninja: build stopped: subcommand failed.


Source file was:
int main() { return 0; }
Determining if the os_signpost_interval_begin exist failed with the following output:
Change Dir: /home/code/mlir-tutorial/mlir-vtc/build/CMakeFiles/CMakeTmp

Run Build Command(s):/usr/bin/ninja cmTC_1e592 && [1/2] Building C object CMakeFiles/cmTC_1e592.dir/CheckSymbolExists.c.o
FAILED: CMakeFiles/cmTC_1e592.dir/CheckSymbolExists.c.o 
/usr/bin/cc   -fPIC -Werror=date-time -Wall -Wextra -Wno-unused-parameter -Wwrite-strings -Wno-missing-field-initializers -Wimplicit-fallthrough -Wno-comment -fdiagnostics-color -ffunction-sections -fdata-sections -o CMakeFiles/cmTC_1e592.dir/CheckSymbolExists.c.o -c /home/code/mlir-tutorial/mlir-vtc/build/CMakeFiles/CMakeTmp/CheckSymbolExists.c
/home/code/mlir-tutorial/mlir-vtc/build/CMakeFiles/CMakeTmp/CheckSymbolExists.c:2:10: fatal error: os/signpost.h: No such file or directory
    2 | #include <os/signpost.h>
      |          ^~~~~~~~~~~~~~~
compilation terminated.
ninja: build stopped: subcommand failed.


File /home/code/mlir-tutorial/mlir-vtc/build/CMakeFiles/CMakeTmp/CheckSymbolExists.c:
/* */
#include <os/signpost.h>

int main(int argc, char** argv)
{
  (void)argv;
#ifndef os_signpost_interval_begin
  return ((int*)(&os_signpost_interval_begin))[argc];
#else
  (void)argc;
  return 0;
#endif
}
